<?xml version="1.0" encoding="UTF-8"?>
<!-- Generated by org.testng.reporters.JUnitXMLReporter -->
<testsuite ignored="0" hostname="MUTHULAKSHMI" failures="0" tests="4" name="Test" time="0.679" errors="0" timestamp="2024-12-22T14:34:44 IST">
  <testcase classname="com.qa.testcases.loginPageTest" name="@BeforeMethod SetUp" time="0.023">
    <failure type="java.lang.NullPointerException" message="Cannot invoke &amp;quot;String.equals(Object)&amp;quot; because &amp;quot;BrowserName&amp;quot; is null">
      <![CDATA[java.lang.NullPointerException: Cannot invoke "String.equals(Object)" because "BrowserName" is null
at com.qa.base.base.initialisation(base.java:46)
at com.qa.testcases.loginPageTest.SetUp(loginPageTest.java:26)
at java.base/java.util.ArrayList.forEach(ArrayList.java:1596)
... Removed 29 stack frames]]>
    </failure>
  </testcase> <!-- @BeforeMethod SetUp -->
  <testcase classname="com.qa.testcases.loginPageTest" name="@AfterMethod tearDown" time="-1.734858284478E9">
    <skipped/>
  </testcase> <!-- @AfterMethod tearDown -->
  <testcase classname="com.qa.testcases.loginPageTest" name="@BeforeMethod SetUp" time="-1.734858284482E9">
    <skipped/>
  </testcase> <!-- @BeforeMethod SetUp -->
  <testcase classname="com.qa.testcases.loginPageTest" name="@AfterMethod tearDown" time="-1.734858284489E9">
    <skipped/>
  </testcase> <!-- @AfterMethod tearDown -->
  <testcase classname="com.qa.testcases.loginPageTest" name="@BeforeMethod SetUp" time="-1.734858284491E9">
    <skipped/>
  </testcase> <!-- @BeforeMethod SetUp -->
  <testcase classname="com.qa.testcases.loginPageTest" name="@AfterMethod tearDown" time="-1.734858284496E9">
    <skipped/>
  </testcase> <!-- @AfterMethod tearDown -->
  <testcase classname="com.qa.testcases.flightsPageTest" name="@BeforeMethod setUp" time="0.003">
    <failure type="java.lang.NullPointerException" message="Cannot invoke &amp;quot;String.equals(Object)&amp;quot; because &amp;quot;BrowserName&amp;quot; is null">
      <![CDATA[java.lang.NullPointerException: Cannot invoke "String.equals(Object)" because "BrowserName" is null
at com.qa.base.base.initialisation(base.java:46)
at com.qa.testcases.flightsPageTest.setUp(flightsPageTest.java:24)
at java.base/java.util.ArrayList.forEach(ArrayList.java:1596)
... Removed 29 stack frames]]>
    </failure>
  </testcase> <!-- @BeforeMethod setUp -->
  <testcase classname="com.qa.testcases.flightsPageTest" name="@AfterMethod tearDown" time="-1.734858284508E9">
    <skipped/>
  </testcase> <!-- @AfterMethod tearDown -->
  <testcase classname="com.qa.testcases.loginPageTest" name="logInPageTitleTest" time="0.0">
    <skipped/>
  </testcase> <!-- logInPageTitleTest -->
  <testcase classname="com.qa.testcases.loginPageTest" name="SpiceJetLogoTest" time="0.0">
    <skipped/>
  </testcase> <!-- SpiceJetLogoTest -->
  <testcase classname="com.qa.testcases.loginPageTest" name="login" time="0.0">
    <skipped/>
  </testcase> <!-- login -->
  <testcase classname="com.qa.testcases.flightsPageTest" name="flightPageTitleTest" time="0.0">
    <skipped/>
  </testcase> <!-- flightPageTitleTest -->
</testsuite> <!-- Test -->
